<?xml version="1.0" encoding="UTF-8"?>
<!-- Generated by org.testng.reporters.JUnitReportReporter -->
<testsuite hostname="DESKTOP-VAC88UU" failures="0" tests="1" name="practise.takescr" time="41.776" errors="0" timestamp="2023-01-26T23:38:27 IST" skipped="0">
  <testcase classname="practise.takescr" name="verifyScreenshot" time="41.776"/>
  <system-out/>
</testsuite> <!-- practise.takescr -->
